<?xml version="1.0" encoding="utf-8" ?>
<!DOCTYPE html PUBLIC "-//W3C//DTD XHTML 1.0 Strict//EN"
        "http://www.w3.org/TR/xhtml1/DTD/xhtml1-strict.dtd">
<html xmlns="http://www.w3.org/1999/xhtml" xml:lang="" lang="">
<head>
  <title>Test Results Report - Regression Test</title>
  <meta http-equiv="Content-Type" content="text/html;charset=utf-8" />
  <meta name="description" content="TestNG unit test results." />
  <link href="reportng.css" rel="stylesheet" type="text/css" />
    <script type="text/javascript" src="reportng.js"></script>
</head>
<body>
<h1>Regression Test</h1>
<p>
  Test duration: 127.299s
</p>



  <table class="resultsTable">
    <tr><th colspan="3" class="header failed">Failed Tests</th></tr>
          <tr>
        <td colspan="3" class="group">com.nopcommerce.demo.testsuite.Computer</td>
      </tr>
            
<tr>
  <td class="method">
                  verifyProductAddedToShoppingCartSuccessfully
      </td>
  <td class="duration">
    46.488s
  </td>
  <td class="result">
        
    
            <div class="testOutput">
                        Select Menu
                                Click on Desktop
                                Select Sorting Option 
                                Click on Add to Cart 
                                Select Processor1
                                Select RAM5
                                Click on hdd
                                Click on OS
                                Click on software
                                Click on Add to Cart [[ChromeDriver: chrome on windows (703f70956297f2ff9905806ea50acaa8)] -> id: add-to-cart-button-1]
                                Click on close Proxy element for: DefaultElementLocator 'By.id: //span[@class = 'close']'
                                Click to see screenshot
                                <a target = "_blank" href=C:\Users\sahil barot\IdeaProjects\com-nopcommerce-demo-sw-5/test-output/html/verifyProductAddedToShoppingCartSuccessfullyTue_Jul_18_10_32_23_BST_2023.jpg>Screenshot</a>
                                <br>
                                <br>
                                <a target = "_blank" href=C:\Users\sahil barot\IdeaProjects\com-nopcommerce-demo-sw-5/test-output/html/verifyProductAddedToShoppingCartSuccessfullyTue_Jul_18_10_32_23_BST_2023.jpg><img src=C:\Users\sahil barot\IdeaProjects\com-nopcommerce-demo-sw-5/test-output/html/verifyProductAddedToShoppingCartSuccessfullyTue_Jul_18_10_32_23_BST_2023.jpg height=200 width=200></img></a>
                  </div>
    

        <a href="javascript:toggleElement('exception-0', 'block')" title="Click to expand/collapse"><b>org.openqa.selenium.NoSuchElementException: no such element: Unable to locate element: {&quot;method&quot;:&quot;css selector&quot;,&quot;selector&quot;:&quot;#\/\/span\[\@class\ \=\ \&apos;close\&apos;\]&quot;}<br/>
&nbsp; (Session info: chrome=114.0.5735.199)<br/>
For documentation on this error, please visit: https://www.selenium.dev/documentation/webdriver/troubleshooting/errors#no-such-element-exception<br/>
Build info: version: &apos;4.10.0&apos;, revision: &apos;c14d967899&apos;<br/>
System info: os.name: &apos;Windows 10&apos;, os.arch: &apos;amd64&apos;, os.version: &apos;10.0&apos;, java.version: &apos;1.8.0_121&apos;<br/>
Driver info: org.openqa.selenium.chrome.ChromeDriver<br/>
Command: [703f70956297f2ff9905806ea50acaa8, findElement {using=id, value=//span[@class = &apos;close&apos;]}]<br/>
Capabilities {acceptInsecureCerts: false, browserName: chrome, browserVersion: 114.0.5735.199, chrome: {chromedriverVersion: 114.0.5735.90 (386bc09e8f4f..., userDataDir: C:\Users\SAHILB~1\AppData\L...}, goog:chromeOptions: {debuggerAddress: localhost:50175}, networkConnectionEnabled: false, pageLoadStrategy: normal, platformName: windows, proxy: Proxy(), se:cdp: ws://localhost:50175/devtoo..., se:cdpVersion: 114.0.5735.199, setWindowRect: true, strictFileInteractability: false, timeouts: {implicit: 0, pageLoad: 300000, script: 30000}, unhandledPromptBehavior: dismiss and notify, webauthn:extension:credBlob: true, webauthn:extension:largeBlob: true, webauthn:extension:minPinLength: true, webauthn:extension:prf: true, webauthn:virtualAuthenticators: true}<br/>
Session ID: 703f70956297f2ff9905806ea50acaa8</b></a><br />
    <div class="stackTrace" id="exception-0">
              sun.reflect.NativeConstructorAccessorImpl.newInstance0(Native Method)<br />
              sun.reflect.NativeConstructorAccessorImpl.newInstance(NativeConstructorAccessorImpl.java:62)<br />
              sun.reflect.DelegatingConstructorAccessorImpl.newInstance(DelegatingConstructorAccessorImpl.java:45)<br />
              java.lang.reflect.Constructor.newInstance(Constructor.java:423)<br />
              org.openqa.selenium.remote.codec.w3c.W3CHttpResponseCodec.createException(W3CHttpResponseCodec.java:199)<br />
              org.openqa.selenium.remote.codec.w3c.W3CHttpResponseCodec.decode(W3CHttpResponseCodec.java:132)<br />
              org.openqa.selenium.remote.codec.w3c.W3CHttpResponseCodec.decode(W3CHttpResponseCodec.java:51)<br />
              org.openqa.selenium.remote.HttpCommandExecutor.execute(HttpCommandExecutor.java:191)<br />
              org.openqa.selenium.remote.service.DriverCommandExecutor.invokeExecute(DriverCommandExecutor.java:196)<br />
              org.openqa.selenium.remote.service.DriverCommandExecutor.execute(DriverCommandExecutor.java:171)<br />
              org.openqa.selenium.remote.RemoteWebDriver.execute(RemoteWebDriver.java:531)<br />
              org.openqa.selenium.remote.ElementLocation$ElementFinder$2.findElement(ElementLocation.java:165)<br />
              org.openqa.selenium.remote.ElementLocation.findElement(ElementLocation.java:59)<br />
              org.openqa.selenium.remote.RemoteWebDriver.findElement(RemoteWebDriver.java:350)<br />
              org.openqa.selenium.remote.RemoteWebDriver.findElement(RemoteWebDriver.java:344)<br />
              org.openqa.selenium.support.pagefactory.DefaultElementLocator.findElement(DefaultElementLocator.java:68)<br />
              org.openqa.selenium.support.pagefactory.internal.LocatingElementHandler.invoke(LocatingElementHandler.java:38)<br />
              com.sun.proxy.$Proxy16.click(Unknown Source)<br />
              com.nopcommerce.demo.utility.Utility.clickOnElement(Utility.java:53)<br />
              com.nopcommerce.demo.pages.BuildPage.clickOnClose(BuildPage.java:88)<br />
              com.nopcommerce.demo.testsuite.Computer.verifyProductAddedToShoppingCartSuccessfully(Computer.java:75)<br />
              sun.reflect.NativeMethodAccessorImpl.invoke0(Native Method)<br />
              sun.reflect.NativeMethodAccessorImpl.invoke(NativeMethodAccessorImpl.java:62)<br />
              sun.reflect.DelegatingMethodAccessorImpl.invoke(DelegatingMethodAccessorImpl.java:43)<br />
              java.lang.reflect.Method.invoke(Method.java:498)<br />
              org.testng.internal.invokers.MethodInvocationHelper.invokeMethod(MethodInvocationHelper.java:135)<br />
              org.testng.internal.invokers.TestInvoker.invokeMethod(TestInvoker.java:673)<br />
              org.testng.internal.invokers.TestInvoker.invokeTestMethod(TestInvoker.java:220)<br />
              org.testng.internal.invokers.MethodRunner.runInSequence(MethodRunner.java:50)<br />
              org.testng.internal.invokers.TestInvoker$MethodInvocationAgent.invoke(TestInvoker.java:945)<br />
              org.testng.internal.invokers.TestInvoker.invokeTestMethods(TestInvoker.java:193)<br />
              org.testng.internal.invokers.TestMethodWorker.invokeTestMethods(TestMethodWorker.java:146)<br />
              org.testng.internal.invokers.TestMethodWorker.run(TestMethodWorker.java:128)<br />
              java.util.ArrayList.forEach(ArrayList.java:1249)<br />
              org.testng.TestRunner.privateRun(TestRunner.java:808)<br />
              org.testng.TestRunner.run(TestRunner.java:603)<br />
              org.testng.SuiteRunner.runTest(SuiteRunner.java:429)<br />
              org.testng.SuiteRunner.runSequentially(SuiteRunner.java:423)<br />
              org.testng.SuiteRunner.privateRun(SuiteRunner.java:383)<br />
              org.testng.SuiteRunner.run(SuiteRunner.java:326)<br />
              org.testng.SuiteRunnerWorker.runSuite(SuiteRunnerWorker.java:52)<br />
              org.testng.SuiteRunnerWorker.run(SuiteRunnerWorker.java:95)<br />
              org.testng.TestNG.runSuitesSequentially(TestNG.java:1249)<br />
              org.testng.TestNG.runSuitesLocally(TestNG.java:1169)<br />
              org.testng.TestNG.runSuites(TestNG.java:1092)<br />
              org.testng.TestNG.run(TestNG.java:1060)<br />
              com.intellij.rt.testng.IDEARemoteTestNG.run(IDEARemoteTestNG.java:66)<br />
              com.intellij.rt.testng.RemoteTestNGStarter.main(RemoteTestNGStarter.java:105)<br />
                </div>
      </td>
</tr>
          <tr>
        <td colspan="3" class="group">com.nopcommerce.demo.testsuite.Electronics</td>
      </tr>
            
<tr>
  <td class="method">
                  verifyThatTheProductAddedSuccessfullyAndPlaceOrderSuccessfully
      </td>
  <td class="duration">
    32.665s
  </td>
  <td class="result">
        
    
            <div class="testOutput">
                        Mouse hover on Electronics 
                                Mouse hover on Cellphones 
                                Click on listView 
                                Click on Nokia 
                                Change Quantity 2
                                Click on Add to Cart 
                                Click on close 
                                Mouse hover to shopping cart [[ChromeDriver: chrome on windows (44226e0f2cfa7d1e1087224c27442c6c)] -> xpath: //span[contains(text(),'Shopping cart')]]
                                Mouse hover on Go to Cart and click [[ChromeDriver: chrome on windows (44226e0f2cfa7d1e1087224c27442c6c)] -> xpath: //button[contains(text(),'Go to cart')]]
                                Click on Terms of Service 
                                Click on Checkout 
                                Click on Register 
                                Click on Gender 
                                Enter FirstName YK
                                Enter LastName Modi
                                Enter Email prime28@gmail.com
                                Enter Password Prime@123
                                Enter ConfirmPassword Prime@123
                                Click on Register 
                                Click to see screenshot
                                <a target = "_blank" href=C:\Users\sahil barot\IdeaProjects\com-nopcommerce-demo-sw-5/test-output/html/verifyThatTheProductAddedSuccessfullyAndPlaceOrderSuccessfullyTue_Jul_18_10_33_16_BST_2023.jpg>Screenshot</a>
                                <br>
                                <br>
                                <a target = "_blank" href=C:\Users\sahil barot\IdeaProjects\com-nopcommerce-demo-sw-5/test-output/html/verifyThatTheProductAddedSuccessfullyAndPlaceOrderSuccessfullyTue_Jul_18_10_33_16_BST_2023.jpg><img src=C:\Users\sahil barot\IdeaProjects\com-nopcommerce-demo-sw-5/test-output/html/verifyThatTheProductAddedSuccessfullyAndPlaceOrderSuccessfullyTue_Jul_18_10_33_16_BST_2023.jpg height=200 width=200></img></a>
                  </div>
    

        <a href="javascript:toggleElement('exception-1', 'block')" title="Click to expand/collapse"><b>org.openqa.selenium.NoSuchElementException: no such element: Unable to locate element: {&quot;method&quot;:&quot;xpath&quot;,&quot;selector&quot;:&quot;//div[contains(text(),&apos;Your registration completed&apos;)]&quot;}<br/>
&nbsp; (Session info: chrome=114.0.5735.199)<br/>
For documentation on this error, please visit: https://www.selenium.dev/documentation/webdriver/troubleshooting/errors#no-such-element-exception<br/>
Build info: version: &apos;4.10.0&apos;, revision: &apos;c14d967899&apos;<br/>
System info: os.name: &apos;Windows 10&apos;, os.arch: &apos;amd64&apos;, os.version: &apos;10.0&apos;, java.version: &apos;1.8.0_121&apos;<br/>
Driver info: org.openqa.selenium.chrome.ChromeDriver<br/>
Command: [44226e0f2cfa7d1e1087224c27442c6c, findElement {using=xpath, value=//div[contains(text(),&apos;Your registration completed&apos;)]}]<br/>
Capabilities {acceptInsecureCerts: false, browserName: chrome, browserVersion: 114.0.5735.199, chrome: {chromedriverVersion: 114.0.5735.90 (386bc09e8f4f..., userDataDir: C:\Users\SAHILB~1\AppData\L...}, goog:chromeOptions: {debuggerAddress: localhost:50237}, networkConnectionEnabled: false, pageLoadStrategy: normal, platformName: windows, proxy: Proxy(), se:cdp: ws://localhost:50237/devtoo..., se:cdpVersion: 114.0.5735.199, setWindowRect: true, strictFileInteractability: false, timeouts: {implicit: 0, pageLoad: 300000, script: 30000}, unhandledPromptBehavior: dismiss and notify, webauthn:extension:credBlob: true, webauthn:extension:largeBlob: true, webauthn:extension:minPinLength: true, webauthn:extension:prf: true, webauthn:virtualAuthenticators: true}<br/>
Session ID: 44226e0f2cfa7d1e1087224c27442c6c</b></a><br />
    <div class="stackTrace" id="exception-1">
              sun.reflect.NativeConstructorAccessorImpl.newInstance0(Native Method)<br />
              sun.reflect.NativeConstructorAccessorImpl.newInstance(NativeConstructorAccessorImpl.java:62)<br />
              sun.reflect.DelegatingConstructorAccessorImpl.newInstance(DelegatingConstructorAccessorImpl.java:45)<br />
              java.lang.reflect.Constructor.newInstance(Constructor.java:423)<br />
              org.openqa.selenium.remote.codec.w3c.W3CHttpResponseCodec.createException(W3CHttpResponseCodec.java:199)<br />
              org.openqa.selenium.remote.codec.w3c.W3CHttpResponseCodec.decode(W3CHttpResponseCodec.java:132)<br />
              org.openqa.selenium.remote.codec.w3c.W3CHttpResponseCodec.decode(W3CHttpResponseCodec.java:51)<br />
              org.openqa.selenium.remote.HttpCommandExecutor.execute(HttpCommandExecutor.java:191)<br />
              org.openqa.selenium.remote.service.DriverCommandExecutor.invokeExecute(DriverCommandExecutor.java:196)<br />
              org.openqa.selenium.remote.service.DriverCommandExecutor.execute(DriverCommandExecutor.java:171)<br />
              org.openqa.selenium.remote.RemoteWebDriver.execute(RemoteWebDriver.java:531)<br />
              org.openqa.selenium.remote.ElementLocation$ElementFinder$2.findElement(ElementLocation.java:165)<br />
              org.openqa.selenium.remote.ElementLocation.findElement(ElementLocation.java:59)<br />
              org.openqa.selenium.remote.RemoteWebDriver.findElement(RemoteWebDriver.java:350)<br />
              org.openqa.selenium.remote.RemoteWebDriver.findElement(RemoteWebDriver.java:344)<br />
              com.nopcommerce.demo.utility.Utility.getTextFromElement(Utility.java:60)<br />
              com.nopcommerce.demo.testbase.BaseTest.verifyTwoStrings(BaseTest.java:29)<br />
              com.nopcommerce.demo.testsuite.Electronics.verifyThatTheProductAddedSuccessfullyAndPlaceOrderSuccessfully(Electronics.java:79)<br />
              sun.reflect.NativeMethodAccessorImpl.invoke0(Native Method)<br />
              sun.reflect.NativeMethodAccessorImpl.invoke(NativeMethodAccessorImpl.java:62)<br />
              sun.reflect.DelegatingMethodAccessorImpl.invoke(DelegatingMethodAccessorImpl.java:43)<br />
              java.lang.reflect.Method.invoke(Method.java:498)<br />
              org.testng.internal.invokers.MethodInvocationHelper.invokeMethod(MethodInvocationHelper.java:135)<br />
              org.testng.internal.invokers.TestInvoker.invokeMethod(TestInvoker.java:673)<br />
              org.testng.internal.invokers.TestInvoker.invokeTestMethod(TestInvoker.java:220)<br />
              org.testng.internal.invokers.MethodRunner.runInSequence(MethodRunner.java:50)<br />
              org.testng.internal.invokers.TestInvoker$MethodInvocationAgent.invoke(TestInvoker.java:945)<br />
              org.testng.internal.invokers.TestInvoker.invokeTestMethods(TestInvoker.java:193)<br />
              org.testng.internal.invokers.TestMethodWorker.invokeTestMethods(TestMethodWorker.java:146)<br />
              org.testng.internal.invokers.TestMethodWorker.run(TestMethodWorker.java:128)<br />
              java.util.ArrayList.forEach(ArrayList.java:1249)<br />
              org.testng.TestRunner.privateRun(TestRunner.java:808)<br />
              org.testng.TestRunner.run(TestRunner.java:603)<br />
              org.testng.SuiteRunner.runTest(SuiteRunner.java:429)<br />
              org.testng.SuiteRunner.runSequentially(SuiteRunner.java:423)<br />
              org.testng.SuiteRunner.privateRun(SuiteRunner.java:383)<br />
              org.testng.SuiteRunner.run(SuiteRunner.java:326)<br />
              org.testng.SuiteRunnerWorker.runSuite(SuiteRunnerWorker.java:52)<br />
              org.testng.SuiteRunnerWorker.run(SuiteRunnerWorker.java:95)<br />
              org.testng.TestNG.runSuitesSequentially(TestNG.java:1249)<br />
              org.testng.TestNG.runSuitesLocally(TestNG.java:1169)<br />
              org.testng.TestNG.runSuites(TestNG.java:1092)<br />
              org.testng.TestNG.run(TestNG.java:1060)<br />
              com.intellij.rt.testng.IDEARemoteTestNG.run(IDEARemoteTestNG.java:66)<br />
              com.intellij.rt.testng.RemoteTestNGStarter.main(RemoteTestNGStarter.java:105)<br />
                </div>
      </td>
</tr>
      </table>


  <table class="resultsTable">
    <tr><th colspan="3" class="header passed">Passed Tests</th></tr>
          <tr>
        <td colspan="3" class="group">com.nopcommerce.demo.testsuite.Computer</td>
      </tr>
            
<tr>
  <td class="method">
                  verifyProductArrangeInAlphaBeticalOrder
      </td>
  <td class="duration">
    7.758s
  </td>
  <td class="result">
        
    
            <div class="testOutput">
                        Select Menu
                                Click on Desktop
                                Get List of Elements
                                Select Sorting Option 
                                Get List of Elements
                                Click to see screenshot
                                <a target = "_blank" href=C:\Users\sahil barot\IdeaProjects\com-nopcommerce-demo-sw-5/test-output/html/verifyProductArrangeInAlphaBeticalOrderTue_Jul_18_10_32_37_BST_2023.jpg>Screenshot</a>
                                <br>
                                <br>
                                <a target = "_blank" href=C:\Users\sahil barot\IdeaProjects\com-nopcommerce-demo-sw-5/test-output/html/verifyProductArrangeInAlphaBeticalOrderTue_Jul_18_10_32_37_BST_2023.jpg><img src=C:\Users\sahil barot\IdeaProjects\com-nopcommerce-demo-sw-5/test-output/html/verifyProductArrangeInAlphaBeticalOrderTue_Jul_18_10_32_37_BST_2023.jpg height=200 width=200></img></a>
                  </div>
    

      </td>
</tr>
          <tr>
        <td colspan="3" class="group">com.nopcommerce.demo.testsuite.Electronics</td>
      </tr>
            
<tr>
  <td class="method">
                  verifyUserShouldNavigateToCellPhonesPageSuccessfully
      </td>
  <td class="duration">
    1.902s
  </td>
  <td class="result">
        
    
            <div class="testOutput">
                        Mouse hover on Electronics 
                                Mouse hover on Cellphones 
                                Click to see screenshot
                                <a target = "_blank" href=C:\Users\sahil barot\IdeaProjects\com-nopcommerce-demo-sw-5/test-output/html/verifyUserShouldNavigateToCellPhonesPageSuccessfullyTue_Jul_18_10_33_27_BST_2023.jpg>Screenshot</a>
                                <br>
                                <br>
                                <a target = "_blank" href=C:\Users\sahil barot\IdeaProjects\com-nopcommerce-demo-sw-5/test-output/html/verifyUserShouldNavigateToCellPhonesPageSuccessfullyTue_Jul_18_10_33_27_BST_2023.jpg><img src=C:\Users\sahil barot\IdeaProjects\com-nopcommerce-demo-sw-5/test-output/html/verifyUserShouldNavigateToCellPhonesPageSuccessfullyTue_Jul_18_10_33_27_BST_2023.jpg height=200 width=200></img></a>
                  </div>
    

      </td>
</tr>
          <tr>
        <td colspan="3" class="group">com.nopcommerce.demo.testsuite.TopMenuTest</td>
      </tr>
            
<tr>
  <td class="method">
                  verifyPageNavigation
      </td>
  <td class="duration">
    1.823s
  </td>
  <td class="result">
        
    
            <div class="testOutput">
                        Select Menu
                                Click to see screenshot
                                <a target = "_blank" href=C:\Users\sahil barot\IdeaProjects\com-nopcommerce-demo-sw-5/test-output/html/verifyPageNavigationTue_Jul_18_10_33_36_BST_2023.jpg>Screenshot</a>
                                <br>
                                <br>
                                <a target = "_blank" href=C:\Users\sahil barot\IdeaProjects\com-nopcommerce-demo-sw-5/test-output/html/verifyPageNavigationTue_Jul_18_10_33_36_BST_2023.jpg><img src=C:\Users\sahil barot\IdeaProjects\com-nopcommerce-demo-sw-5/test-output/html/verifyPageNavigationTue_Jul_18_10_33_36_BST_2023.jpg height=200 width=200></img></a>
                  </div>
    

      </td>
</tr>
      </table>
  
</body>
</html>
